Analysis & Synthesis report for Data_Transmit
Thu Aug 02 16:03:52 2018
Quartus Prime Version 17.1.1 Internal Build 593 12/11/2017 SJ Lite Edition


---------------------
; Table of Contents ;
---------------------
  1. Legal Notice
  2. Analysis & Synthesis Summary
  3. Analysis & Synthesis Settings
  4. Parallel Compilation
  5. Analysis & Synthesis Source Files Read
  6. Analysis & Synthesis Resource Usage Summary
  7. Analysis & Synthesis Resource Utilization by Entity
  8. General Register Statistics
  9. Parameter Settings for User Entity Instance: Time_Base_Generic:U1
 10. Parameter Settings for User Entity Instance: Time_Base_Generic:U2
 11. Port Connectivity Checks: "Time_Base_Generic:U2"
 12. Port Connectivity Checks: "Time_Base_Generic:U1"
 13. Post-Synthesis Netlist Statistics for Top Partition
 14. Elapsed Time Per Partition
 15. Analysis & Synthesis Messages



----------------
; Legal Notice ;
----------------
Copyright (C) 2017  Intel Corporation. All rights reserved.
Your use of Intel Corporation's design tools, logic functions 
and other software and tools, and its AMPP partner logic 
functions, and any output files from any of the foregoing 
(including device programming or simulation files), and any 
associated documentation or information are expressly subject 
to the terms and conditions of the Intel Program License 
Subscription Agreement, the Intel Quartus Prime License Agreement,
the Intel FPGA IP License Agreement, or other applicable license
agreement, including, without limitation, that your use is for
the sole purpose of programming logic devices manufactured by
Intel and sold by Intel or its authorized distributors.  Please
refer to the applicable agreement for further details.



+----------------------------------------------------------------------------------------+
; Analysis & Synthesis Summary                                                           ;
+---------------------------------+------------------------------------------------------+
; Analysis & Synthesis Status     ; Successful - Thu Aug 02 16:03:52 2018                ;
; Quartus Prime Version           ; 17.1.1 Internal Build 593 12/11/2017 SJ Lite Edition ;
; Revision Name                   ; Data_Transmit                                        ;
; Top-level Entity Name           ; Data_Transmit                                        ;
; Family                          ; Cyclone V                                            ;
; Logic utilization (in ALMs)     ; N/A                                                  ;
; Total registers                 ; 52                                                   ;
; Total pins                      ; 13                                                   ;
; Total virtual pins              ; 0                                                    ;
; Total block memory bits         ; 0                                                    ;
; Total DSP Blocks                ; 0                                                    ;
; Total HSSI RX PCSs              ; 0                                                    ;
; Total HSSI PMA RX Deserializers ; 0                                                    ;
; Total HSSI TX PCSs              ; 0                                                    ;
; Total HSSI PMA TX Serializers   ; 0                                                    ;
; Total PLLs                      ; 0                                                    ;
; Total DLLs                      ; 0                                                    ;
+---------------------------------+------------------------------------------------------+


+---------------------------------------------------------------------------------------------------------------------------+
; Analysis & Synthesis Settings                                                                                             ;
+---------------------------------------------------------------------------------+--------------------+--------------------+
; Option                                                                          ; Setting            ; Default Value      ;
+---------------------------------------------------------------------------------+--------------------+--------------------+
; Device                                                                          ; 5CGXFC7C7F23C8     ;                    ;
; Top-level entity name                                                           ; Data_Transmit      ; Data_Transmit      ;
; Family name                                                                     ; Cyclone V          ; Cyclone V          ;
; Use smart compilation                                                           ; Off                ; Off                ;
; Enable parallel Assembler and TimeQuest Timing Analyzer during compilation      ; On                 ; On                 ;
; Enable compact report table                                                     ; Off                ; Off                ;
; Restructure Multiplexers                                                        ; Auto               ; Auto               ;
; MLAB Add Timing Constraints For Mixed-Port Feed-Through Mode Setting Don't Care ; Off                ; Off                ;
; Create Debugging Nodes for IP Cores                                             ; Off                ; Off                ;
; Preserve fewer node names                                                       ; On                 ; On                 ;
; Intel FPGA IP Evaluation Mode                                                   ; Enable             ; Enable             ;
; Verilog Version                                                                 ; Verilog_2001       ; Verilog_2001       ;
; VHDL Version                                                                    ; VHDL_1993          ; VHDL_1993          ;
; State Machine Processing                                                        ; Auto               ; Auto               ;
; Safe State Machine                                                              ; Off                ; Off                ;
; Extract Verilog State Machines                                                  ; On                 ; On                 ;
; Extract VHDL State Machines                                                     ; On                 ; On                 ;
; Ignore Verilog initial constructs                                               ; Off                ; Off                ;
; Iteration limit for constant Verilog loops                                      ; 5000               ; 5000               ;
; Iteration limit for non-constant Verilog loops                                  ; 250                ; 250                ;
; Add Pass-Through Logic to Inferred RAMs                                         ; On                 ; On                 ;
; Infer RAMs from Raw Logic                                                       ; On                 ; On                 ;
; Parallel Synthesis                                                              ; On                 ; On                 ;
; DSP Block Balancing                                                             ; Auto               ; Auto               ;
; NOT Gate Push-Back                                                              ; On                 ; On                 ;
; Power-Up Don't Care                                                             ; On                 ; On                 ;
; Remove Redundant Logic Cells                                                    ; Off                ; Off                ;
; Remove Duplicate Registers                                                      ; On                 ; On                 ;
; Ignore CARRY Buffers                                                            ; Off                ; Off                ;
; Ignore CASCADE Buffers                                                          ; Off                ; Off                ;
; Ignore GLOBAL Buffers                                                           ; Off                ; Off                ;
; Ignore ROW GLOBAL Buffers                                                       ; Off                ; Off                ;
; Ignore LCELL Buffers                                                            ; Off                ; Off                ;
; Ignore SOFT Buffers                                                             ; On                 ; On                 ;
; Limit AHDL Integers to 32 Bits                                                  ; Off                ; Off                ;
; Optimization Technique                                                          ; Balanced           ; Balanced           ;
; Carry Chain Length                                                              ; 70                 ; 70                 ;
; Auto Carry Chains                                                               ; On                 ; On                 ;
; Auto Open-Drain Pins                                                            ; On                 ; On                 ;
; Perform WYSIWYG Primitive Resynthesis                                           ; Off                ; Off                ;
; Auto ROM Replacement                                                            ; On                 ; On                 ;
; Auto RAM Replacement                                                            ; On                 ; On                 ;
; Auto DSP Block Replacement                                                      ; On                 ; On                 ;
; Auto Shift Register Replacement                                                 ; Auto               ; Auto               ;
; Allow Shift Register Merging across Hierarchies                                 ; Auto               ; Auto               ;
; Auto Clock Enable Replacement                                                   ; On                 ; On                 ;
; Strict RAM Replacement                                                          ; Off                ; Off                ;
; Allow Synchronous Control Signals                                               ; On                 ; On                 ;
; Force Use of Synchronous Clear Signals                                          ; Off                ; Off                ;
; Auto Resource Sharing                                                           ; Off                ; Off                ;
; Allow Any RAM Size For Recognition                                              ; Off                ; Off                ;
; Allow Any ROM Size For Recognition                                              ; Off                ; Off                ;
; Allow Any Shift Register Size For Recognition                                   ; Off                ; Off                ;
; Use LogicLock Constraints during Resource Balancing                             ; On                 ; On                 ;
; Ignore translate_off and synthesis_off directives                               ; Off                ; Off                ;
; Timing-Driven Synthesis                                                         ; On                 ; On                 ;
; Report Parameter Settings                                                       ; On                 ; On                 ;
; Report Source Assignments                                                       ; On                 ; On                 ;
; Report Connectivity Checks                                                      ; On                 ; On                 ;
; Ignore Maximum Fan-Out Assignments                                              ; Off                ; Off                ;
; Synchronization Register Chain Length                                           ; 3                  ; 3                  ;
; Power Optimization During Synthesis                                             ; Normal compilation ; Normal compilation ;
; HDL message level                                                               ; Level2             ; Level2             ;
; Suppress Register Optimization Related Messages                                 ; Off                ; Off                ;
; Number of Removed Registers Reported in Synthesis Report                        ; 5000               ; 5000               ;
; Number of Swept Nodes Reported in Synthesis Report                              ; 5000               ; 5000               ;
; Number of Inverted Registers Reported in Synthesis Report                       ; 100                ; 100                ;
; Clock MUX Protection                                                            ; On                 ; On                 ;
; Auto Gated Clock Conversion                                                     ; Off                ; Off                ;
; Block Design Naming                                                             ; Auto               ; Auto               ;
; SDC constraint protection                                                       ; Off                ; Off                ;
; Synthesis Effort                                                                ; Auto               ; Auto               ;
; Shift Register Replacement - Allow Asynchronous Clear Signal                    ; On                 ; On                 ;
; Pre-Mapping Resynthesis Optimization                                            ; Off                ; Off                ;
; Analysis & Synthesis Message Level                                              ; Medium             ; Medium             ;
; Disable Register Merging Across Hierarchies                                     ; Auto               ; Auto               ;
; Resource Aware Inference For Block RAM                                          ; On                 ; On                 ;
; Automatic Parallel Synthesis                                                    ; On                 ; On                 ;
; Partial Reconfiguration Bitstream ID                                            ; Off                ; Off                ;
+---------------------------------------------------------------------------------+--------------------+--------------------+


+------------------------------------------+
; Parallel Compilation                     ;
+----------------------------+-------------+
; Processors                 ; Number      ;
+----------------------------+-------------+
; Number detected on machine ; 4           ;
; Maximum allowed            ; 2           ;
;                            ;             ;
; Average used               ; 1.00        ;
; Maximum used               ; 2           ;
;                            ;             ;
; Usage by Processor         ; % Time Used ;
;     Processor 1            ; 100.0%      ;
;     Processor 2            ;   0.0%      ;
+----------------------------+-------------+


+--------------------------------------------------------------------------------------------------------------------------------------+
; Analysis & Synthesis Source Files Read                                                                                               ;
+----------------------------------+-----------------+-----------------+-----------------------------------------------------+---------+
; File Name with User-Entered Path ; Used in Netlist ; File Type       ; File Name with Absolute Path                        ; Library ;
+----------------------------------+-----------------+-----------------+-----------------------------------------------------+---------+
; Data_Demultiplexer.vhd           ; yes             ; User VHDL File  ; C:/Users/lefr/Downloads/UART/Data_Demultiplexer.vhd ;         ;
; Data_Latch.vhd                   ; yes             ; User VHDL File  ; C:/Users/lefr/Downloads/UART/Data_Latch.vhd         ;         ;
; Data_Transmit.vhd                ; yes             ; User VHDL File  ; C:/Users/lefr/Downloads/UART/Data_Transmit.vhd      ;         ;
; Parity_Check.vhd                 ; yes             ; User VHDL File  ; C:/Users/lefr/Downloads/UART/Parity_Check.vhd       ;         ;
; Time_Base.vhd                    ; yes             ; User VHDL File  ; C:/Users/lefr/Downloads/UART/Time_Base.vhd          ;         ;
; Transmition_FSM.vhd              ; yes             ; User VHDL File  ; C:/Users/lefr/Downloads/UART/Transmition_FSM.vhd    ;         ;
+----------------------------------+-----------------+-----------------+-----------------------------------------------------+---------+


+---------------------------------------------------------+
; Analysis & Synthesis Resource Usage Summary             ;
+---------------------------------------------+-----------+
; Resource                                    ; Usage     ;
+---------------------------------------------+-----------+
; Estimate of Logic utilization (ALMs needed) ; 38        ;
;                                             ;           ;
; Combinational ALUT usage for logic          ; 67        ;
;     -- 7 input functions                    ; 0         ;
;     -- 6 input functions                    ; 7         ;
;     -- 5 input functions                    ; 8         ;
;     -- 4 input functions                    ; 7         ;
;     -- <=3 input functions                  ; 45        ;
;                                             ;           ;
; Dedicated logic registers                   ; 52        ;
;                                             ;           ;
; I/O pins                                    ; 13        ;
;                                             ;           ;
; Total DSP Blocks                            ; 0         ;
;                                             ;           ;
; Maximum fan-out node                        ; CLK~input ;
; Maximum fan-out                             ; 52        ;
; Total fan-out                               ; 459       ;
; Average fan-out                             ; 3.17      ;
+---------------------------------------------+-----------+


+----------------------------------------------------------------------------------------------------------------------------------------------------------------------------------------------------------------+
; Analysis & Synthesis Resource Utilization by Entity                                                                                                                                                            ;
+----------------------------+---------------------+---------------------------+-------------------+------------+------+--------------+--------------------------------------+--------------------+--------------+
; Compilation Hierarchy Node ; Combinational ALUTs ; Dedicated Logic Registers ; Block Memory Bits ; DSP Blocks ; Pins ; Virtual Pins ; Full Hierarchy Name                  ; Entity Name        ; Library Name ;
+----------------------------+---------------------+---------------------------+-------------------+------------+------+--------------+--------------------------------------+--------------------+--------------+
; |Data_Transmit             ; 67 (0)              ; 52 (0)                    ; 0                 ; 0          ; 13   ; 0            ; |Data_Transmit                       ; Data_Transmit      ; work         ;
;    |Data_Demultiplexer:U4| ; 5 (5)               ; 0 (0)                     ; 0                 ; 0          ; 0    ; 0            ; |Data_Transmit|Data_Demultiplexer:U4 ; Data_Demultiplexer ; work         ;
;    |Data_Latch:U5|         ; 0 (0)               ; 8 (8)                     ; 0                 ; 0          ; 0    ; 0            ; |Data_Transmit|Data_Latch:U5         ; Data_Latch         ; work         ;
;    |Parity_Check:U3|       ; 2 (2)               ; 0 (0)                     ; 0                 ; 0          ; 0    ; 0            ; |Data_Transmit|Parity_Check:U3       ; Parity_Check       ; work         ;
;    |Time_Base_Generic:U1|  ; 17 (17)             ; 13 (13)                   ; 0                 ; 0          ; 0    ; 0            ; |Data_Transmit|Time_Base_Generic:U1  ; Time_Base_Generic  ; work         ;
;    |Time_Base_Generic:U2|  ; 32 (32)             ; 27 (27)                   ; 0                 ; 0          ; 0    ; 0            ; |Data_Transmit|Time_Base_Generic:U2  ; Time_Base_Generic  ; work         ;
;    |Transmition_FSM:U0|    ; 11 (11)             ; 4 (4)                     ; 0                 ; 0          ; 0    ; 0            ; |Data_Transmit|Transmition_FSM:U0    ; Transmition_FSM    ; work         ;
+----------------------------+---------------------+---------------------------+-------------------+------------+------+--------------+--------------------------------------+--------------------+--------------+
Note: For table entries with two numbers listed, the numbers in parentheses indicate the number of resources of the given type used by the specific entity alone. The numbers listed outside of parentheses indicate the total resources of the given type used by the specific entity and all of its sub-entities in the hierarchy.


+------------------------------------------------------+
; General Register Statistics                          ;
+----------------------------------------------+-------+
; Statistic                                    ; Value ;
+----------------------------------------------+-------+
; Total registers                              ; 52    ;
; Number of registers using Synchronous Clear  ; 40    ;
; Number of registers using Synchronous Load   ; 0     ;
; Number of registers using Asynchronous Clear ; 52    ;
; Number of registers using Asynchronous Load  ; 0     ;
; Number of registers using Clock Enable       ; 48    ;
; Number of registers using Preset             ; 0     ;
+----------------------------------------------+-------+


+-------------------------------------------------------------------+
; Parameter Settings for User Entity Instance: Time_Base_Generic:U1 ;
+----------------+-------+------------------------------------------+
; Parameter Name ; Value ; Type                                     ;
+----------------+-------+------------------------------------------+
; n              ; 13    ; Signed Integer                           ;
+----------------+-------+------------------------------------------+
Note: In order to hide this table in the UI and the text report file, please set the "Show Parameter Settings in Synthesis Report" option in "Analysis and Synthesis Settings -> More Settings" to "Off".


+-------------------------------------------------------------------+
; Parameter Settings for User Entity Instance: Time_Base_Generic:U2 ;
+----------------+-------+------------------------------------------+
; Parameter Name ; Value ; Type                                     ;
+----------------+-------+------------------------------------------+
; n              ; 27    ; Signed Integer                           ;
+----------------+-------+------------------------------------------+
Note: In order to hide this table in the UI and the text report file, please set the "Show Parameter Settings in Synthesis Report" option in "Analysis and Synthesis Settings -> More Settings" to "Off".


+--------------------------------------------------+
; Port Connectivity Checks: "Time_Base_Generic:U2" ;
+--------------+-------+----------+----------------+
; Port         ; Type  ; Severity ; Details        ;
+--------------+-------+----------+----------------+
; cont[24..20] ; Input ; Info     ; Stuck at VCC   ;
; cont[16..13] ; Input ; Info     ; Stuck at VCC   ;
; cont[12..9]  ; Input ; Info     ; Stuck at GND   ;
; cont[7..0]   ; Input ; Info     ; Stuck at GND   ;
; cont[26]     ; Input ; Info     ; Stuck at VCC   ;
; cont[25]     ; Input ; Info     ; Stuck at GND   ;
; cont[19]     ; Input ; Info     ; Stuck at GND   ;
; cont[18]     ; Input ; Info     ; Stuck at VCC   ;
; cont[17]     ; Input ; Info     ; Stuck at GND   ;
; cont[8]      ; Input ; Info     ; Stuck at VCC   ;
+--------------+-------+----------+----------------+


+--------------------------------------------------+
; Port Connectivity Checks: "Time_Base_Generic:U1" ;
+------------+-------+----------+------------------+
; Port       ; Type  ; Severity ; Details          ;
+------------+-------+----------+------------------+
; cont[4..3] ; Input ; Info     ; Stuck at VCC     ;
; cont[9..7] ; Input ; Info     ; Stuck at GND     ;
; cont[2..0] ; Input ; Info     ; Stuck at GND     ;
; cont[12]   ; Input ; Info     ; Stuck at VCC     ;
; cont[11]   ; Input ; Info     ; Stuck at GND     ;
; cont[10]   ; Input ; Info     ; Stuck at VCC     ;
; cont[6]    ; Input ; Info     ; Stuck at VCC     ;
; cont[5]    ; Input ; Info     ; Stuck at GND     ;
+------------+-------+----------+------------------+


+-----------------------------------------------------+
; Post-Synthesis Netlist Statistics for Top Partition ;
+-----------------------+-----------------------------+
; Type                  ; Count                       ;
+-----------------------+-----------------------------+
; arriav_ff             ; 52                          ;
;     CLR               ; 4                           ;
;     ENA CLR           ; 8                           ;
;     ENA CLR SCLR      ; 40                          ;
; arriav_lcell_comb     ; 68                          ;
;     arith             ; 40                          ;
;         1 data inputs ; 40                          ;
;     normal            ; 28                          ;
;         1 data inputs ; 1                           ;
;         2 data inputs ; 3                           ;
;         3 data inputs ; 2                           ;
;         4 data inputs ; 7                           ;
;         5 data inputs ; 8                           ;
;         6 data inputs ; 7                           ;
; boundary_port         ; 13                          ;
;                       ;                             ;
; Max LUT depth         ; 3.60                        ;
; Average LUT depth     ; 2.58                        ;
+-----------------------+-----------------------------+


+-------------------------------+
; Elapsed Time Per Partition    ;
+----------------+--------------+
; Partition Name ; Elapsed Time ;
+----------------+--------------+
; Top            ; 00:00:00     ;
+----------------+--------------+


+-------------------------------+
; Analysis & Synthesis Messages ;
+-------------------------------+
Info: *******************************************************************
Info: Running Quartus Prime Analysis & Synthesis
    Info: Version 17.1.1 Internal Build 593 12/11/2017 SJ Lite Edition
    Info: Processing started: Thu Aug 02 16:03:31 2018
Info: Command: quartus_map --read_settings_files=on --write_settings_files=off Data_Transmit -c Data_Transmit
Info (20034): Auto device selection is not supported for Cyclone V device family. The default device, 5CGXFC7C7F23C8, is set.
Warning (18236): Number of processors has not been specified which may cause overloading on shared machines.  Set the global assignment NUM_PARALLEL_PROCESSORS in your QSF to an appropriate value for best performance.
Info (20030): Parallel compilation is enabled and will use 2 of the 2 processors detected
Info (12021): Found 2 design units, including 1 entities, in source file data_demultiplexer.vhd
    Info (12022): Found design unit 1: Data_Demultiplexer-Behavioral File: C:/Users/lefr/Downloads/UART/Data_Demultiplexer.vhd Line: 15
    Info (12023): Found entity 1: Data_Demultiplexer File: C:/Users/lefr/Downloads/UART/Data_Demultiplexer.vhd Line: 8
Info (12021): Found 2 design units, including 1 entities, in source file data_latch.vhd
    Info (12022): Found design unit 1: Data_Latch-Behavioral File: C:/Users/lefr/Downloads/UART/Data_Latch.vhd Line: 16
    Info (12023): Found entity 1: Data_Latch File: C:/Users/lefr/Downloads/UART/Data_Latch.vhd Line: 8
Info (12021): Found 2 design units, including 1 entities, in source file data_transmit.vhd
    Info (12022): Found design unit 1: Data_Transmit-Behavioral File: C:/Users/lefr/Downloads/UART/Data_Transmit.vhd Line: 17
    Info (12023): Found entity 1: Data_Transmit File: C:/Users/lefr/Downloads/UART/Data_Transmit.vhd Line: 8
Info (12021): Found 2 design units, including 1 entities, in source file parity_check.vhd
    Info (12022): Found design unit 1: Parity_Check-Behavioral File: C:/Users/lefr/Downloads/UART/Parity_Check.vhd Line: 13
    Info (12023): Found entity 1: Parity_Check File: C:/Users/lefr/Downloads/UART/Parity_Check.vhd Line: 8
Info (12021): Found 2 design units, including 1 entities, in source file time_base.vhd
    Info (12022): Found design unit 1: Time_Base_Generic-Behavioral File: C:/Users/lefr/Downloads/UART/Time_Base.vhd Line: 18
    Info (12023): Found entity 1: Time_Base_Generic File: C:/Users/lefr/Downloads/UART/Time_Base.vhd Line: 9
Info (12021): Found 2 design units, including 1 entities, in source file transmition_fsm.vhd
    Info (12022): Found design unit 1: Transmition_FSM-Behavioral File: C:/Users/lefr/Downloads/UART/Transmition_FSM.vhd Line: 19
    Info (12023): Found entity 1: Transmition_FSM File: C:/Users/lefr/Downloads/UART/Transmition_FSM.vhd Line: 8
Info (12127): Elaborating entity "Data_Transmit" for the top level hierarchy
Info (12128): Elaborating entity "Transmition_FSM" for hierarchy "Transmition_FSM:U0" File: C:/Users/lefr/Downloads/UART/Data_Transmit.vhd Line: 64
Info (12128): Elaborating entity "Time_Base_Generic" for hierarchy "Time_Base_Generic:U1" File: C:/Users/lefr/Downloads/UART/Data_Transmit.vhd Line: 65
Warning (10492): VHDL Process Statement warning at Time_Base.vhd(25): signal "CONT" is read inside the Process Statement but isn't in the Process Statement's sensitivity list File: C:/Users/lefr/Downloads/UART/Time_Base.vhd Line: 25
Info (12128): Elaborating entity "Time_Base_Generic" for hierarchy "Time_Base_Generic:U2" File: C:/Users/lefr/Downloads/UART/Data_Transmit.vhd Line: 67
Warning (10492): VHDL Process Statement warning at Time_Base.vhd(25): signal "CONT" is read inside the Process Statement but isn't in the Process Statement's sensitivity list File: C:/Users/lefr/Downloads/UART/Time_Base.vhd Line: 25
Info (12128): Elaborating entity "Parity_Check" for hierarchy "Parity_Check:U3" File: C:/Users/lefr/Downloads/UART/Data_Transmit.vhd Line: 69
Info (12128): Elaborating entity "Data_Demultiplexer" for hierarchy "Data_Demultiplexer:U4" File: C:/Users/lefr/Downloads/UART/Data_Transmit.vhd Line: 70
Warning (10492): VHDL Process Statement warning at Data_Demultiplexer.vhd(26): signal "DATA" is read inside the Process Statement but isn't in the Process Statement's sensitivity list File: C:/Users/lefr/Downloads/UART/Data_Demultiplexer.vhd Line: 26
Warning (10492): VHDL Process Statement warning at Data_Demultiplexer.vhd(28): signal "DATA" is read inside the Process Statement but isn't in the Process Statement's sensitivity list File: C:/Users/lefr/Downloads/UART/Data_Demultiplexer.vhd Line: 28
Warning (10492): VHDL Process Statement warning at Data_Demultiplexer.vhd(30): signal "DATA" is read inside the Process Statement but isn't in the Process Statement's sensitivity list File: C:/Users/lefr/Downloads/UART/Data_Demultiplexer.vhd Line: 30
Warning (10492): VHDL Process Statement warning at Data_Demultiplexer.vhd(32): signal "DATA" is read inside the Process Statement but isn't in the Process Statement's sensitivity list File: C:/Users/lefr/Downloads/UART/Data_Demultiplexer.vhd Line: 32
Warning (10492): VHDL Process Statement warning at Data_Demultiplexer.vhd(34): signal "DATA" is read inside the Process Statement but isn't in the Process Statement's sensitivity list File: C:/Users/lefr/Downloads/UART/Data_Demultiplexer.vhd Line: 34
Warning (10492): VHDL Process Statement warning at Data_Demultiplexer.vhd(36): signal "DATA" is read inside the Process Statement but isn't in the Process Statement's sensitivity list File: C:/Users/lefr/Downloads/UART/Data_Demultiplexer.vhd Line: 36
Warning (10492): VHDL Process Statement warning at Data_Demultiplexer.vhd(38): signal "DATA" is read inside the Process Statement but isn't in the Process Statement's sensitivity list File: C:/Users/lefr/Downloads/UART/Data_Demultiplexer.vhd Line: 38
Warning (10492): VHDL Process Statement warning at Data_Demultiplexer.vhd(40): signal "DATA" is read inside the Process Statement but isn't in the Process Statement's sensitivity list File: C:/Users/lefr/Downloads/UART/Data_Demultiplexer.vhd Line: 40
Warning (10492): VHDL Process Statement warning at Data_Demultiplexer.vhd(42): signal "PAR" is read inside the Process Statement but isn't in the Process Statement's sensitivity list File: C:/Users/lefr/Downloads/UART/Data_Demultiplexer.vhd Line: 42
Info (12128): Elaborating entity "Data_Latch" for hierarchy "Data_Latch:U5" File: C:/Users/lefr/Downloads/UART/Data_Transmit.vhd Line: 71
Warning (10492): VHDL Process Statement warning at Data_Latch.vhd(23): signal "DIN" is read inside the Process Statement but isn't in the Process Statement's sensitivity list File: C:/Users/lefr/Downloads/UART/Data_Latch.vhd Line: 23
Warning (10492): VHDL Process Statement warning at Data_Latch.vhd(25): signal "Qp" is read inside the Process Statement but isn't in the Process Statement's sensitivity list File: C:/Users/lefr/Downloads/UART/Data_Latch.vhd Line: 25
Warning (10492): VHDL Process Statement warning at Data_Latch.vhd(27): signal "Qp" is read inside the Process Statement but isn't in the Process Statement's sensitivity list File: C:/Users/lefr/Downloads/UART/Data_Latch.vhd Line: 27
Warning (12069): Ignored assignment(s) for "EOT[8]" because "EOT" is not a bus or array File: C:/Users/lefr/Downloads/UART/Data_Transmit.vhd Line: 13
Info (286030): Timing-Driven Synthesis is running
Info (16010): Generating hard_block partition "hard_block:auto_generated_inst"
    Info (16011): Adding 0 node(s), including 0 DDIO, 0 PLL, 0 transceiver and 0 LCELL
Info (21057): Implemented 88 device resources after synthesis - the final resource count might be different
    Info (21058): Implemented 11 input pins
    Info (21059): Implemented 2 output pins
    Info (21061): Implemented 75 logic cells
Info: Quartus Prime Analysis & Synthesis was successful. 0 errors, 16 warnings
    Info: Peak virtual memory: 4874 megabytes
    Info: Processing ended: Thu Aug 02 16:03:53 2018
    Info: Elapsed time: 00:00:22
    Info: Total CPU time (on all processors): 00:00:48


